<?xml version="1.0" encoding="UTF-8"?>
<testng-results skipped="0" failed="0" ignored="0" total="1" passed="1">
  <reporter-output>
  </reporter-output>
  <suite name="Default suite" duration-ms="11740" started-at="2017-03-30T01:30:54Z" finished-at="2017-03-30T01:31:06Z">
    <groups>
    </groups>
    <test name="Default test" duration-ms="11740" started-at="2017-03-30T01:30:54Z" finished-at="2017-03-30T01:31:06Z">
      <class name="eCommerceProject.TestCase02">
        <test-method status="PASS" signature="SetUpBrowser()[pri:0, instance:eCommerceProject.TestCase02@48eff760]" name="SetUpBrowser" is-config="true" duration-ms="6331" started-at="2017-03-29T21:30:54Z" finished-at="2017-03-29T21:31:01Z">
          <reporter-output>
          </reporter-output>
        </test-method> <!-- SetUpBrowser -->
        <test-method status="PASS" signature="TestCase02()[pri:0, instance:eCommerceProject.TestCase02@48eff760]" name="TestCase02" duration-ms="4051" started-at="2017-03-29T21:31:01Z" finished-at="2017-03-29T21:31:05Z">
          <reporter-output>
          </reporter-output>
        </test-method> <!-- TestCase02 -->
        <test-method status="PASS" signature="TearDown()[pri:0, instance:eCommerceProject.TestCase02@48eff760]" name="TearDown" is-config="true" duration-ms="1341" started-at="2017-03-29T21:31:05Z" finished-at="2017-03-29T21:31:06Z">
          <reporter-output>
          </reporter-output>
        </test-method> <!-- TearDown -->
      </class> <!-- eCommerceProject.TestCase02 -->
    </test> <!-- Default test -->
  </suite> <!-- Default suite -->
</testng-results>
